{"@timestamp":"2024-12-21T08:05:44.701-0800","@version":"1","message":"Application starting","logger_name":"com.example.Main","thread_name":"main","level":"INFO","level_value":20000}
{"@timestamp":"2024-12-21T08:05:44.711-0800","@version":"1","message":"Creating new user","logger_name":"com.example.service.UserService","thread_name":"main","level":"DEBUG","level_value":10000,"user_id":1,"username":"john_doe","action":"create_user_attempt"}
{"@timestamp":"2024-12-21T08:05:44.712-0800","@version":"1","message":"User created successfully","logger_name":"com.example.service.UserService","thread_name":"main","level":"INFO","level_value":20000,"user_id":1,"username":"john_doe","email":"john@example.com","status":"success"}
{"@timestamp":"2024-12-21T08:05:44.712-0800","@version":"1","message":"Initial user created","logger_name":"com.example.Main","thread_name":"main","level":"INFO","level_value":20000,"user_id":1,"operation":"initial_setup"}
{"@timestamp":"2024-12-21T08:05:44.712-0800","@version":"1","message":"Creating new user","logger_name":"com.example.service.UserService","thread_name":"main","level":"DEBUG","level_value":10000,"user_id":1,"username":"john_doe2","action":"create_user_attempt"}
{"@timestamp":"2024-12-21T08:05:44.712-0800","@version":"1","message":"Failed to create user - duplicate ID","logger_name":"com.example.service.UserService","thread_name":"main","level":"ERROR","level_value":40000}
{"@timestamp":"2024-12-21T08:05:44.713-0800","@version":"1","message":"Duplicate user creation prevented","logger_name":"com.example.Main","thread_name":"main","level":"INFO","level_value":20000,"validation":[{"name":"LS_APPEND_OBJECT","fieldName":"error_type"},{"name":"LS_APPEND_OBJECT","fieldName":"attempted_id"},{"name":"LS_APPEND_OBJECT","fieldName":"message"}]}
{"@timestamp":"2024-12-21T08:05:44.728-0800","@version":"1","message":"Fetching user details","logger_name":"com.example.service.UserService","thread_name":"main","level":"DEBUG","level_value":10000,"action":"get_user","user_id":1,"timestamp":1734797144728}
{"@timestamp":"2024-12-21T08:05:44.728-0800","@version":"1","message":"User retrieved successfully","logger_name":"com.example.service.UserService","thread_name":"main","level":"INFO","level_value":20000,"user":{"id":1,"username":"john_doe","email":"john@example.com"},"id":1}
{"@timestamp":"2024-12-21T08:05:44.730-0800","@version":"1","message":"Retrieved user details","logger_name":"com.example.Main","thread_name":"main","level":"INFO","level_value":20000,"operation":"user_retrieval","user_id":1,"found":true}
{"@timestamp":"2024-12-21T08:05:44.730-0800","@version":"1","message":"Fetching user details","logger_name":"com.example.service.UserService","thread_name":"main","level":"DEBUG","level_value":10000,"action":"get_user","user_id":999,"timestamp":1734797144730}
{"@timestamp":"2024-12-21T08:05:44.730-0800","@version":"1","message":"User not found","logger_name":"com.example.service.UserService","thread_name":"main","level":"WARN","level_value":30000,"user_id":999,"action":"get_user","status":"not_found"}
{"@timestamp":"2024-12-21T08:05:44.730-0800","@version":"1","message":"Expected: User not found","logger_name":"com.example.Main","thread_name":"main","level":"INFO","level_value":20000,"attempted_id":999,"operation":"user_retrieval","found":false}
{"@timestamp":"2024-12-21T08:05:44.730-0800","@version":"1","message":"Attempting user deletion","logger_name":"com.example.service.UserService","thread_name":"main","level":"DEBUG","level_value":10000,"user_id":1,"action":"delete_user_attempt"}
{"@timestamp":"2024-12-21T08:05:44.730-0800","@version":"1","message":"User deleted","logger_name":"com.example.service.UserService","thread_name":"main","level":"INFO","level_value":20000,"user_id":1,"operation_status":"success","timestamp":1734797144730}
{"@timestamp":"2024-12-21T08:05:44.730-0800","@version":"1","message":"First deletion operation completed","logger_name":"com.example.Main","thread_name":"main","level":"INFO","level_value":20000,"user_id":1,"operation":"user_deletion","sequence":"first_attempt"}
{"@timestamp":"2024-12-21T08:05:44.731-0800","@version":"1","message":"Attempting user deletion","logger_name":"com.example.service.UserService","thread_name":"main","level":"DEBUG","level_value":10000,"user_id":1,"action":"delete_user_attempt"}
{"@timestamp":"2024-12-21T08:05:44.731-0800","@version":"1","message":"User deletion failed","logger_name":"com.example.service.UserService","thread_name":"main","level":"WARN","level_value":30000}
{"@timestamp":"2024-12-21T08:05:44.731-0800","@version":"1","message":"Second deletion operation completed","logger_name":"com.example.Main","thread_name":"main","level":"INFO","level_value":20000,"user_id":1,"operation":"user_deletion","sequence":"second_attempt"}
{"@timestamp":"2024-12-21T08:05:44.731-0800","@version":"1","message":"Application shutting down","logger_name":"com.example.Main","thread_name":"main","level":"INFO","level_value":20000}
{"@timestamp":"2024-12-21T08:07:05.540-0800","@version":"1","message":"Application starting","logger_name":"com.example.Main","thread_name":"main","level":"INFO","level_value":20000}
{"@timestamp":"2024-12-21T08:07:05.550-0800","@version":"1","message":"Creating new user","logger_name":"com.example.service.UserService","thread_name":"main","level":"DEBUG","level_value":10000,"user_id":1,"username":"john_doe","action":"create_user_attempt"}
{"@timestamp":"2024-12-21T08:07:05.550-0800","@version":"1","message":"User created successfully","logger_name":"com.example.service.UserService","thread_name":"main","level":"INFO","level_value":20000,"user_id":1,"username":"john_doe","email":"john@example.com","status":"success"}
{"@timestamp":"2024-12-21T08:07:05.551-0800","@version":"1","message":"Initial user created","logger_name":"com.example.Main","thread_name":"main","level":"INFO","level_value":20000,"user_id":1,"operation":"initial_setup"}
{"@timestamp":"2024-12-21T08:07:05.551-0800","@version":"1","message":"Creating new user","logger_name":"com.example.service.UserService","thread_name":"main","level":"DEBUG","level_value":10000,"user_id":1,"username":"john_doe2","action":"create_user_attempt"}
{"@timestamp":"2024-12-21T08:07:05.551-0800","@version":"1","message":"Failed to create user - duplicate ID","logger_name":"com.example.service.UserService","thread_name":"main","level":"ERROR","level_value":40000}
{"@timestamp":"2024-12-21T08:07:05.551-0800","@version":"1","message":"Duplicate user creation prevented","logger_name":"com.example.Main","thread_name":"main","level":"INFO","level_value":20000,"validation":[{"name":"LS_APPEND_OBJECT","fieldName":"error_type"},{"name":"LS_APPEND_OBJECT","fieldName":"attempted_id"},{"name":"LS_APPEND_OBJECT","fieldName":"message"}]}
{"@timestamp":"2024-12-21T08:07:05.565-0800","@version":"1","message":"Fetching user details","logger_name":"com.example.service.UserService","thread_name":"main","level":"DEBUG","level_value":10000,"timestamp":1734797225565,"action":"get_user","user_id":1}
{"@timestamp":"2024-12-21T08:07:05.566-0800","@version":"1","message":"User retrieved successfully","logger_name":"com.example.service.UserService","thread_name":"main","level":"INFO","level_value":20000,"user":{"id":1,"username":"john_doe","email":"john@example.com"},"id":1}
{"@timestamp":"2024-12-21T08:07:05.567-0800","@version":"1","message":"Retrieved user details","logger_name":"com.example.Main","thread_name":"main","level":"INFO","level_value":20000,"operation":"user_retrieval","user_id":1,"found":true}
{"@timestamp":"2024-12-21T08:07:05.568-0800","@version":"1","message":"Fetching user details","logger_name":"com.example.service.UserService","thread_name":"main","level":"DEBUG","level_value":10000,"timestamp":1734797225568,"action":"get_user","user_id":999}
{"@timestamp":"2024-12-21T08:07:05.568-0800","@version":"1","message":"User not found","logger_name":"com.example.service.UserService","thread_name":"main","level":"WARN","level_value":30000,"user_id":999,"action":"get_user","status":"not_found"}
{"@timestamp":"2024-12-21T08:07:05.568-0800","@version":"1","message":"Expected: User not found","logger_name":"com.example.Main","thread_name":"main","level":"INFO","level_value":20000,"attempted_id":999,"operation":"user_retrieval","found":false}
{"@timestamp":"2024-12-21T08:07:05.568-0800","@version":"1","message":"Attempting user deletion","logger_name":"com.example.service.UserService","thread_name":"main","level":"DEBUG","level_value":10000,"user_id":1,"action":"delete_user_attempt"}
{"@timestamp":"2024-12-21T08:07:05.569-0800","@version":"1","message":"User deleted","logger_name":"com.example.service.UserService","thread_name":"main","level":"INFO","level_value":20000,"user_id":1,"operation_status":"success","timestamp":1734797225569}
{"@timestamp":"2024-12-21T08:07:05.569-0800","@version":"1","message":"First deletion operation completed","logger_name":"com.example.Main","thread_name":"main","level":"INFO","level_value":20000,"user_id":1,"operation":"user_deletion","sequence":"first_attempt"}
{"@timestamp":"2024-12-21T08:07:05.569-0800","@version":"1","message":"Attempting user deletion","logger_name":"com.example.service.UserService","thread_name":"main","level":"DEBUG","level_value":10000,"user_id":1,"action":"delete_user_attempt"}
{"@timestamp":"2024-12-21T08:07:05.569-0800","@version":"1","message":"User deletion failed","logger_name":"com.example.service.UserService","thread_name":"main","level":"WARN","level_value":30000}
{"@timestamp":"2024-12-21T08:07:05.569-0800","@version":"1","message":"Second deletion operation completed","logger_name":"com.example.Main","thread_name":"main","level":"INFO","level_value":20000,"user_id":1,"operation":"user_deletion","sequence":"second_attempt"}
{"@timestamp":"2024-12-21T08:07:05.569-0800","@version":"1","message":"Application shutting down","logger_name":"com.example.Main","thread_name":"main","level":"INFO","level_value":20000}
{"@timestamp":"2024-12-21T08:07:42.936-0800","@version":"1","message":"Application starting","logger_name":"com.example.Main","thread_name":"main","level":"INFO","level_value":20000}
{"@timestamp":"2024-12-21T08:07:42.948-0800","@version":"1","message":"Creating new user","logger_name":"com.example.service.UserService","thread_name":"main","level":"DEBUG","level_value":10000,"user_id":1,"username":"john_doe","action":"create_user_attempt"}
{"@timestamp":"2024-12-21T08:07:42.948-0800","@version":"1","message":"User created successfully","logger_name":"com.example.service.UserService","thread_name":"main","level":"INFO","level_value":20000,"user_id":1,"username":"john_doe","email":"john@example.com","status":"success"}
{"@timestamp":"2024-12-21T08:07:42.949-0800","@version":"1","message":"Initial user created","logger_name":"com.example.Main","thread_name":"main","level":"INFO","level_value":20000,"user_id":1,"operation":"initial_setup"}
{"@timestamp":"2024-12-21T08:07:42.949-0800","@version":"1","message":"Creating new user","logger_name":"com.example.service.UserService","thread_name":"main","level":"DEBUG","level_value":10000,"user_id":1,"username":"john_doe2","action":"create_user_attempt"}
{"@timestamp":"2024-12-21T08:07:42.949-0800","@version":"1","message":"Failed to create user - duplicate ID","logger_name":"com.example.service.UserService","thread_name":"main","level":"ERROR","level_value":40000}
{"@timestamp":"2024-12-21T08:07:42.949-0800","@version":"1","message":"Duplicate user creation prevented","logger_name":"com.example.Main","thread_name":"main","level":"INFO","level_value":20000,"validation":[{"name":"LS_APPEND_OBJECT","fieldName":"error_type"},{"name":"LS_APPEND_OBJECT","fieldName":"attempted_id"},{"name":"LS_APPEND_OBJECT","fieldName":"message"}]}
{"@timestamp":"2024-12-21T08:07:42.964-0800","@version":"1","message":"Fetching user details","logger_name":"com.example.service.UserService","thread_name":"main","level":"DEBUG","level_value":10000,"action":"get_user","user_id":1,"timestamp":1734797262964}
{"@timestamp":"2024-12-21T08:07:42.964-0800","@version":"1","message":"User retrieved successfully","logger_name":"com.example.service.UserService","thread_name":"main","level":"INFO","level_value":20000,"user":{"id":1,"username":"john_doe","email":"john@example.com"},"id":1}
{"@timestamp":"2024-12-21T08:07:42.965-0800","@version":"1","message":"Retrieved user details","logger_name":"com.example.Main","thread_name":"main","level":"INFO","level_value":20000,"operation":"user_retrieval","user_id":1,"found":true}
{"@timestamp":"2024-12-21T08:07:42.965-0800","@version":"1","message":"Fetching user details","logger_name":"com.example.service.UserService","thread_name":"main","level":"DEBUG","level_value":10000,"action":"get_user","user_id":999,"timestamp":1734797262965}
{"@timestamp":"2024-12-21T08:07:42.965-0800","@version":"1","message":"User not found","logger_name":"com.example.service.UserService","thread_name":"main","level":"WARN","level_value":30000,"user_id":999,"action":"get_user","status":"not_found"}
{"@timestamp":"2024-12-21T08:07:42.966-0800","@version":"1","message":"Expected: User not found","logger_name":"com.example.Main","thread_name":"main","level":"INFO","level_value":20000,"attempted_id":999,"operation":"user_retrieval","found":false}
{"@timestamp":"2024-12-21T08:07:42.966-0800","@version":"1","message":"Attempting user deletion","logger_name":"com.example.service.UserService","thread_name":"main","level":"DEBUG","level_value":10000,"user_id":1,"action":"delete_user_attempt"}
{"@timestamp":"2024-12-21T08:07:42.966-0800","@version":"1","message":"User deleted","logger_name":"com.example.service.UserService","thread_name":"main","level":"INFO","level_value":20000,"user_id":1,"operation_status":"success","timestamp":1734797262966}
{"@timestamp":"2024-12-21T08:07:42.966-0800","@version":"1","message":"First deletion operation completed","logger_name":"com.example.Main","thread_name":"main","level":"INFO","level_value":20000,"user_id":1,"operation":"user_deletion","sequence":"first_attempt"}
{"@timestamp":"2024-12-21T08:07:42.966-0800","@version":"1","message":"Attempting user deletion","logger_name":"com.example.service.UserService","thread_name":"main","level":"DEBUG","level_value":10000,"user_id":1,"action":"delete_user_attempt"}
{"@timestamp":"2024-12-21T08:07:42.966-0800","@version":"1","message":"User deletion failed","logger_name":"com.example.service.UserService","thread_name":"main","level":"WARN","level_value":30000}
{"@timestamp":"2024-12-21T08:07:42.967-0800","@version":"1","message":"Second deletion operation completed","logger_name":"com.example.Main","thread_name":"main","level":"INFO","level_value":20000,"user_id":1,"operation":"user_deletion","sequence":"second_attempt"}
{"@timestamp":"2024-12-21T08:07:42.967-0800","@version":"1","message":"Application shutting down","logger_name":"com.example.Main","thread_name":"main","level":"INFO","level_value":20000}
{"@timestamp":"2024-12-21T08:10:22.682-0800","@version":"1","message":"Application starting","logger_name":"com.example.Main","thread_name":"main","level":"INFO","level_value":20000}
{"@timestamp":"2024-12-21T08:10:22.692-0800","@version":"1","message":"Creating new user","logger_name":"com.example.service.UserService","thread_name":"main","level":"DEBUG","level_value":10000,"user_id":1,"username":"john_doe","action":"create_user_attempt"}
{"@timestamp":"2024-12-21T08:10:22.693-0800","@version":"1","message":"User created successfully","logger_name":"com.example.service.UserService","thread_name":"main","level":"INFO","level_value":20000,"user_id":1,"username":"john_doe","email":"john@example.com","status":"success"}
{"@timestamp":"2024-12-21T08:10:22.693-0800","@version":"1","message":"Initial user created","logger_name":"com.example.Main","thread_name":"main","level":"INFO","level_value":20000,"user_id":1,"operation":"initial_setup"}
{"@timestamp":"2024-12-21T08:10:22.693-0800","@version":"1","message":"Creating new user","logger_name":"com.example.service.UserService","thread_name":"main","level":"DEBUG","level_value":10000,"user_id":1,"username":"john_doe2","action":"create_user_attempt"}
{"@timestamp":"2024-12-21T08:10:22.693-0800","@version":"1","message":"Failed to create user - duplicate ID","logger_name":"com.example.service.UserService","thread_name":"main","level":"ERROR","level_value":40000}
{"@timestamp":"2024-12-21T08:10:22.694-0800","@version":"1","message":"Duplicate user creation prevented","logger_name":"com.example.Main","thread_name":"main","level":"INFO","level_value":20000,"validation":[{"name":"LS_APPEND_OBJECT","fieldName":"error_type"},{"name":"LS_APPEND_OBJECT","fieldName":"attempted_id"},{"name":"LS_APPEND_OBJECT","fieldName":"message"}]}
{"@timestamp":"2024-12-21T08:10:22.709-0800","@version":"1","message":"Fetching user details","logger_name":"com.example.service.UserService","thread_name":"main","level":"DEBUG","level_value":10000,"action":"get_user","user_id":1,"timestamp":1734797422709}
{"@timestamp":"2024-12-21T08:10:22.709-0800","@version":"1","message":"User retrieved successfully","logger_name":"com.example.service.UserService","thread_name":"main","level":"INFO","level_value":20000,"user":{"id":1,"username":"john_doe","email":"john@example.com"},"id":1}
{"@timestamp":"2024-12-21T08:10:22.711-0800","@version":"1","message":"Retrieved user details","logger_name":"com.example.Main","thread_name":"main","level":"INFO","level_value":20000,"operation":"user_retrieval","user_id":1,"found":true}
{"@timestamp":"2024-12-21T08:10:22.711-0800","@version":"1","message":"Fetching user details","logger_name":"com.example.service.UserService","thread_name":"main","level":"DEBUG","level_value":10000,"action":"get_user","user_id":999,"timestamp":1734797422711}
{"@timestamp":"2024-12-21T08:10:22.711-0800","@version":"1","message":"User not found","logger_name":"com.example.service.UserService","thread_name":"main","level":"WARN","level_value":30000,"user_id":999,"action":"get_user","status":"not_found"}
{"@timestamp":"2024-12-21T08:10:22.712-0800","@version":"1","message":"Expected: User not found","logger_name":"com.example.Main","thread_name":"main","level":"INFO","level_value":20000,"attempted_id":999,"operation":"user_retrieval","found":false}
{"@timestamp":"2024-12-21T08:10:22.712-0800","@version":"1","message":"Attempting user deletion","logger_name":"com.example.service.UserService","thread_name":"main","level":"DEBUG","level_value":10000,"user_id":1,"action":"delete_user_attempt"}
{"@timestamp":"2024-12-21T08:10:22.712-0800","@version":"1","message":"User deleted","logger_name":"com.example.service.UserService","thread_name":"main","level":"INFO","level_value":20000,"user_id":1,"operation_status":"success","timestamp":1734797422712}
{"@timestamp":"2024-12-21T08:10:22.712-0800","@version":"1","message":"First deletion operation completed","logger_name":"com.example.Main","thread_name":"main","level":"INFO","level_value":20000,"user_id":1,"operation":"user_deletion","sequence":"first_attempt"}
{"@timestamp":"2024-12-21T08:10:22.712-0800","@version":"1","message":"Attempting user deletion","logger_name":"com.example.service.UserService","thread_name":"main","level":"DEBUG","level_value":10000,"user_id":1,"action":"delete_user_attempt"}
{"@timestamp":"2024-12-21T08:10:22.713-0800","@version":"1","message":"User deletion failed","logger_name":"com.example.service.UserService","thread_name":"main","level":"WARN","level_value":30000}
{"@timestamp":"2024-12-21T08:10:22.713-0800","@version":"1","message":"Second deletion operation completed","logger_name":"com.example.Main","thread_name":"main","level":"INFO","level_value":20000,"user_id":1,"operation":"user_deletion","sequence":"second_attempt"}
{"@timestamp":"2024-12-21T08:10:22.713-0800","@version":"1","message":"Application shutting down","logger_name":"com.example.Main","thread_name":"main","level":"INFO","level_value":20000}
{"@timestamp":"2024-12-21T08:10:58.638-0800","@version":"1","message":"Application starting","logger_name":"com.example.Main","thread_name":"main","level":"INFO","level_value":20000}
{"@timestamp":"2024-12-21T08:10:58.649-0800","@version":"1","message":"Creating new user","logger_name":"com.example.service.UserService","thread_name":"main","level":"DEBUG","level_value":10000,"user_id":1,"username":"john_doe","action":"create_user_attempt"}
{"@timestamp":"2024-12-21T08:10:58.649-0800","@version":"1","message":"User created successfully","logger_name":"com.example.service.UserService","thread_name":"main","level":"INFO","level_value":20000,"user_id":1,"username":"john_doe","email":"john@example.com","status":"success"}
{"@timestamp":"2024-12-21T08:10:58.649-0800","@version":"1","message":"Initial user created","logger_name":"com.example.Main","thread_name":"main","level":"INFO","level_value":20000,"user_id":1,"operation":"initial_setup"}
{"@timestamp":"2024-12-21T08:10:58.649-0800","@version":"1","message":"Creating new user","logger_name":"com.example.service.UserService","thread_name":"main","level":"DEBUG","level_value":10000,"user_id":1,"username":"john_doe2","action":"create_user_attempt"}
{"@timestamp":"2024-12-21T08:10:58.650-0800","@version":"1","message":"Failed to create user - duplicate ID","logger_name":"com.example.service.UserService","thread_name":"main","level":"ERROR","level_value":40000}
{"@timestamp":"2024-12-21T08:10:58.650-0800","@version":"1","message":"Duplicate user creation prevented","logger_name":"com.example.Main","thread_name":"main","level":"INFO","level_value":20000,"validation":[{"name":"LS_APPEND_OBJECT","fieldName":"error_type"},{"name":"LS_APPEND_OBJECT","fieldName":"attempted_id"},{"name":"LS_APPEND_OBJECT","fieldName":"message"}]}
{"@timestamp":"2024-12-21T08:10:58.665-0800","@version":"1","message":"Fetching user details","logger_name":"com.example.service.UserService","thread_name":"main","level":"DEBUG","level_value":10000,"user_id":1,"action":"get_user","timestamp":1734797458665}
{"@timestamp":"2024-12-21T08:10:58.666-0800","@version":"1","message":"User retrieved successfully","logger_name":"com.example.service.UserService","thread_name":"main","level":"INFO","level_value":20000,"user":{"id":1,"username":"john_doe","email":"john@example.com"},"id":1}
{"@timestamp":"2024-12-21T08:10:58.667-0800","@version":"1","message":"Retrieved user details","logger_name":"com.example.Main","thread_name":"main","level":"INFO","level_value":20000,"operation":"user_retrieval","user_id":1,"found":true}
{"@timestamp":"2024-12-21T08:10:58.667-0800","@version":"1","message":"Fetching user details","logger_name":"com.example.service.UserService","thread_name":"main","level":"DEBUG","level_value":10000,"user_id":999,"action":"get_user","timestamp":1734797458667}
{"@timestamp":"2024-12-21T08:10:58.667-0800","@version":"1","message":"User not found","logger_name":"com.example.service.UserService","thread_name":"main","level":"WARN","level_value":30000,"user_id":999,"action":"get_user","status":"not_found"}
{"@timestamp":"2024-12-21T08:10:58.667-0800","@version":"1","message":"Expected: User not found","logger_name":"com.example.Main","thread_name":"main","level":"INFO","level_value":20000,"attempted_id":999,"operation":"user_retrieval","found":false}
{"@timestamp":"2024-12-21T08:10:58.667-0800","@version":"1","message":"Attempting user deletion","logger_name":"com.example.service.UserService","thread_name":"main","level":"DEBUG","level_value":10000,"user_id":1,"action":"delete_user_attempt"}
{"@timestamp":"2024-12-21T08:10:58.668-0800","@version":"1","message":"User deleted","logger_name":"com.example.service.UserService","thread_name":"main","level":"INFO","level_value":20000,"user_id":1,"operation_status":"success","timestamp":1734797458668}
{"@timestamp":"2024-12-21T08:10:58.668-0800","@version":"1","message":"First deletion operation completed","logger_name":"com.example.Main","thread_name":"main","level":"INFO","level_value":20000,"user_id":1,"operation":"user_deletion","sequence":"first_attempt"}
{"@timestamp":"2024-12-21T08:10:58.668-0800","@version":"1","message":"Attempting user deletion","logger_name":"com.example.service.UserService","thread_name":"main","level":"DEBUG","level_value":10000,"user_id":1,"action":"delete_user_attempt"}
{"@timestamp":"2024-12-21T08:10:58.668-0800","@version":"1","message":"User deletion failed","logger_name":"com.example.service.UserService","thread_name":"main","level":"WARN","level_value":30000}
{"@timestamp":"2024-12-21T08:10:58.668-0800","@version":"1","message":"Second deletion operation completed","logger_name":"com.example.Main","thread_name":"main","level":"INFO","level_value":20000,"user_id":1,"operation":"user_deletion","sequence":"second_attempt"}
{"@timestamp":"2024-12-21T08:10:58.668-0800","@version":"1","message":"Application shutting down","logger_name":"com.example.Main","thread_name":"main","level":"INFO","level_value":20000}
{"@timestamp":"2024-12-21T08:17:12.226-0800","@version":"1","message":"Application starting","logger_name":"com.example.Main","thread_name":"main","level":"INFO","level_value":20000}
{"@timestamp":"2024-12-21T08:17:12.236-0800","@version":"1","message":"Creating new user","logger_name":"com.example.service.UserService","thread_name":"main","level":"DEBUG","level_value":10000,"user_id":1,"username":"john_doe","action":"create_user_attempt"}
{"@timestamp":"2024-12-21T08:17:12.236-0800","@version":"1","message":"User created successfully","logger_name":"com.example.service.UserService","thread_name":"main","level":"INFO","level_value":20000,"user_id":1,"username":"john_doe","email":"john@example.com","status":"success"}
{"@timestamp":"2024-12-21T08:17:12.236-0800","@version":"1","message":"Initial user created","logger_name":"com.example.Main","thread_name":"main","level":"INFO","level_value":20000,"user_id":1,"operation":"initial_setup"}
{"@timestamp":"2024-12-21T08:17:12.236-0800","@version":"1","message":"Creating new user","logger_name":"com.example.service.UserService","thread_name":"main","level":"DEBUG","level_value":10000,"user_id":1,"username":"john_doe2","action":"create_user_attempt"}
{"@timestamp":"2024-12-21T08:17:12.237-0800","@version":"1","message":"Failed to create user - duplicate ID","logger_name":"com.example.service.UserService","thread_name":"main","level":"ERROR","level_value":40000}
{"@timestamp":"2024-12-21T08:17:12.237-0800","@version":"1","message":"Duplicate user creation prevented","logger_name":"com.example.Main","thread_name":"main","level":"INFO","level_value":20000,"validation":[{"name":"LS_APPEND_OBJECT","fieldName":"error_type"},{"name":"LS_APPEND_OBJECT","fieldName":"attempted_id"},{"name":"LS_APPEND_OBJECT","fieldName":"message"}]}
{"@timestamp":"2024-12-21T08:17:12.253-0800","@version":"1","message":"Fetching user details","logger_name":"com.example.service.UserService","thread_name":"main","level":"DEBUG","level_value":10000,"action":"get_user","user_id":1,"timestamp":1734797832253}
{"@timestamp":"2024-12-21T08:17:12.254-0800","@version":"1","message":"User retrieved successfully","logger_name":"com.example.service.UserService","thread_name":"main","level":"INFO","level_value":20000,"user":{"id":1,"username":"john_doe","email":"john@example.com"},"id":1}
{"@timestamp":"2024-12-21T08:17:12.255-0800","@version":"1","message":"Retrieved user details","logger_name":"com.example.Main","thread_name":"main","level":"INFO","level_value":20000,"operation":"user_retrieval","user_id":1,"found":true}
{"@timestamp":"2024-12-21T08:17:12.255-0800","@version":"1","message":"Fetching user details","logger_name":"com.example.service.UserService","thread_name":"main","level":"DEBUG","level_value":10000,"action":"get_user","user_id":999,"timestamp":1734797832255}
{"@timestamp":"2024-12-21T08:17:12.255-0800","@version":"1","message":"User not found","logger_name":"com.example.service.UserService","thread_name":"main","level":"WARN","level_value":30000,"user_id":999,"action":"get_user","status":"not_found"}
{"@timestamp":"2024-12-21T08:17:12.256-0800","@version":"1","message":"Expected: User not found","logger_name":"com.example.Main","thread_name":"main","level":"INFO","level_value":20000,"attempted_id":999,"operation":"user_retrieval","found":false}
{"@timestamp":"2024-12-21T08:17:12.256-0800","@version":"1","message":"Attempting user deletion","logger_name":"com.example.service.UserService","thread_name":"main","level":"DEBUG","level_value":10000,"user_id":1,"action":"delete_user_attempt"}
{"@timestamp":"2024-12-21T08:17:12.256-0800","@version":"1","message":"User deleted","logger_name":"com.example.service.UserService","thread_name":"main","level":"INFO","level_value":20000,"user_id":1,"operation_status":"success","timestamp":1734797832256}
{"@timestamp":"2024-12-21T08:17:12.256-0800","@version":"1","message":"First deletion operation completed","logger_name":"com.example.Main","thread_name":"main","level":"INFO","level_value":20000,"user_id":1,"operation":"user_deletion","sequence":"first_attempt"}
{"@timestamp":"2024-12-21T08:17:12.256-0800","@version":"1","message":"Attempting user deletion","logger_name":"com.example.service.UserService","thread_name":"main","level":"DEBUG","level_value":10000,"user_id":1,"action":"delete_user_attempt"}
{"@timestamp":"2024-12-21T08:17:12.256-0800","@version":"1","message":"User deletion failed","logger_name":"com.example.service.UserService","thread_name":"main","level":"WARN","level_value":30000}
{"@timestamp":"2024-12-21T08:17:12.256-0800","@version":"1","message":"Second deletion operation completed","logger_name":"com.example.Main","thread_name":"main","level":"INFO","level_value":20000,"user_id":1,"operation":"user_deletion","sequence":"second_attempt"}
{"@timestamp":"2024-12-21T08:17:12.256-0800","@version":"1","message":"Application shutting down","logger_name":"com.example.Main","thread_name":"main","level":"INFO","level_value":20000}
{"@timestamp":"2024-12-21T08:23:13.159-0800","@version":"1","message":"Application starting","logger_name":"com.example.Main","thread_name":"main","level":"INFO","level_value":20000,"environment":"local","sessionId":"cb5085b7-9d0e-4ca5-a61a-85bca1a717dd"}
{"@timestamp":"2024-12-21T08:23:13.169-0800","@version":"1","message":"Creating new user","logger_name":"com.example.service.UserService","thread_name":"main","level":"DEBUG","level_value":10000,"environment":"local","sessionId":"cb5085b7-9d0e-4ca5-a61a-85bca1a717dd","userId":"1","user_id":1,"username":"john_doe","action":"create_user_attempt"}
{"@timestamp":"2024-12-21T08:23:13.170-0800","@version":"1","message":"User created successfully","logger_name":"com.example.service.UserService","thread_name":"main","level":"INFO","level_value":20000,"environment":"local","sessionId":"cb5085b7-9d0e-4ca5-a61a-85bca1a717dd","userId":"1","user_id":1,"username":"john_doe","email":"john@example.com","status":"success"}
{"@timestamp":"2024-12-21T08:23:13.170-0800","@version":"1","message":"Initial user created","logger_name":"com.example.Main","thread_name":"main","level":"INFO","level_value":20000,"environment":"local","sessionId":"cb5085b7-9d0e-4ca5-a61a-85bca1a717dd","user_id":1,"operation":"initial_setup"}
{"@timestamp":"2024-12-21T08:23:13.170-0800","@version":"1","message":"Creating new user","logger_name":"com.example.service.UserService","thread_name":"main","level":"DEBUG","level_value":10000,"environment":"local","sessionId":"cb5085b7-9d0e-4ca5-a61a-85bca1a717dd","userId":"1","user_id":1,"username":"john_doe2","action":"create_user_attempt"}
{"@timestamp":"2024-12-21T08:23:13.170-0800","@version":"1","message":"Failed to create user - duplicate ID","logger_name":"com.example.service.UserService","thread_name":"main","level":"ERROR","level_value":40000,"environment":"local","sessionId":"cb5085b7-9d0e-4ca5-a61a-85bca1a717dd","userId":"1"}
{"@timestamp":"2024-12-21T08:23:13.171-0800","@version":"1","message":"Duplicate user creation prevented","logger_name":"com.example.Main","thread_name":"main","level":"INFO","level_value":20000,"environment":"local","sessionId":"cb5085b7-9d0e-4ca5-a61a-85bca1a717dd","error_type":"duplicate_user","validation":[{"name":"LS_APPEND_OBJECT","fieldName":"error_type"},{"name":"LS_APPEND_OBJECT","fieldName":"attempted_id"},{"name":"LS_APPEND_OBJECT","fieldName":"message"}]}
{"@timestamp":"2024-12-21T08:23:13.185-0800","@version":"1","message":"Fetching user details","logger_name":"com.example.service.UserService","thread_name":"main","level":"DEBUG","level_value":10000,"environment":"local","error_type":"duplicate_user","sessionId":"cb5085b7-9d0e-4ca5-a61a-85bca1a717dd","userId":"1","timestamp":1734798193185,"user_id":1,"action":"get_user"}
{"@timestamp":"2024-12-21T08:23:13.185-0800","@version":"1","message":"User retrieved successfully","logger_name":"com.example.service.UserService","thread_name":"main","level":"INFO","level_value":20000,"environment":"local","error_type":"duplicate_user","sessionId":"cb5085b7-9d0e-4ca5-a61a-85bca1a717dd","userId":"1","status":"success","user":{"id":1,"username":"john_doe","email":"john@example.com"},"id":1}
{"@timestamp":"2024-12-21T08:23:13.187-0800","@version":"1","message":"Retrieved user details","logger_name":"com.example.Main","thread_name":"main","level":"INFO","level_value":20000,"environment":"local","sessionId":"cb5085b7-9d0e-4ca5-a61a-85bca1a717dd","error_type":"duplicate_user","status":"success","operation":"user_retrieval","user_id":1,"found":true}
{"@timestamp":"2024-12-21T08:23:13.187-0800","@version":"1","message":"Fetching user details","logger_name":"com.example.service.UserService","thread_name":"main","level":"DEBUG","level_value":10000,"environment":"local","error_type":"duplicate_user","sessionId":"cb5085b7-9d0e-4ca5-a61a-85bca1a717dd","userId":"999","status":"success","timestamp":1734798193187,"user_id":999,"action":"get_user"}
{"@timestamp":"2024-12-21T08:23:13.187-0800","@version":"1","message":"User not found","logger_name":"com.example.service.UserService","thread_name":"main","level":"WARN","level_value":30000,"environment":"local","error_type":"duplicate_user","sessionId":"cb5085b7-9d0e-4ca5-a61a-85bca1a717dd","userId":"999","status":"not_found","user_id":999,"action":"get_user","status":"not_found"}
{"@timestamp":"2024-12-21T08:23:13.187-0800","@version":"1","message":"Expected: User not found","logger_name":"com.example.Main","thread_name":"main","level":"INFO","level_value":20000,"environment":"local","sessionId":"cb5085b7-9d0e-4ca5-a61a-85bca1a717dd","error_type":"duplicate_user","status":"not_found","attempted_id":999,"operation":"user_retrieval","found":false}
{"@timestamp":"2024-12-21T08:23:13.188-0800","@version":"1","message":"Attempting user deletion","logger_name":"com.example.service.UserService","thread_name":"main","level":"DEBUG","level_value":10000,"environment":"local","error_type":"duplicate_user","sessionId":"cb5085b7-9d0e-4ca5-a61a-85bca1a717dd","userId":"1","status":"not_found","user_id":1,"action":"delete_user_attempt"}
{"@timestamp":"2024-12-21T08:23:13.188-0800","@version":"1","message":"User deleted","logger_name":"com.example.service.UserService","thread_name":"main","level":"INFO","level_value":20000,"environment":"local","error_type":"duplicate_user","sessionId":"cb5085b7-9d0e-4ca5-a61a-85bca1a717dd","userId":"1","status":"success","user_id":1,"operation_status":"success","timestamp":1734798193188}
{"@timestamp":"2024-12-21T08:23:13.188-0800","@version":"1","message":"Attempting user deletion","logger_name":"com.example.service.UserService","thread_name":"main","level":"DEBUG","level_value":10000,"environment":"local","error_type":"duplicate_user","sessionId":"cb5085b7-9d0e-4ca5-a61a-85bca1a717dd","userId":"1","status":"success","user_id":1,"action":"delete_user_attempt"}
{"@timestamp":"2024-12-21T08:23:13.188-0800","@version":"1","message":"User deletion failed","logger_name":"com.example.service.UserService","thread_name":"main","level":"WARN","level_value":30000,"reason":"user_not_found","environment":"local","error_type":"duplicate_user","sessionId":"cb5085b7-9d0e-4ca5-a61a-85bca1a717dd","userId":"1","status":"failed"}
{"@timestamp":"2024-12-21T08:23:13.188-0800","@version":"1","message":"Application shutting down","logger_name":"com.example.Main","thread_name":"main","level":"INFO","level_value":20000,"reason":"user_not_found","environment":"local","sessionId":"cb5085b7-9d0e-4ca5-a61a-85bca1a717dd","error_type":"duplicate_user","status":"failed"}
{"@timestamp":"2024-12-21T08:32:49.325-0800","@version":"1","message":"Application starting","logger_name":"com.example.Main","thread_name":"main","level":"INFO","level_value":20000,"environment":"local","sessionId":"b826cec0-f0ab-415f-bf79-d1b17d932d6c"}
{"@timestamp":"2024-12-21T08:32:49.337-0800","@version":"1","message":"Creating new user","logger_name":"com.example.service.UserService","thread_name":"main","level":"DEBUG","level_value":10000,"environment":"local","sessionId":"b826cec0-f0ab-415f-bf79-d1b17d932d6c","userId":"1","user_id":1,"username":"john_doe","action":"create_user_attempt"}
{"@timestamp":"2024-12-21T08:32:49.337-0800","@version":"1","message":"User created successfully","logger_name":"com.example.service.UserService","thread_name":"main","level":"INFO","level_value":20000,"environment":"local","sessionId":"b826cec0-f0ab-415f-bf79-d1b17d932d6c","userId":"1","user_id":1,"username":"john_doe","email":"john@example.com","status":"success"}
{"@timestamp":"2024-12-21T08:32:49.337-0800","@version":"1","message":"Initial user created","logger_name":"com.example.Main","thread_name":"main","level":"INFO","level_value":20000,"environment":"local","sessionId":"b826cec0-f0ab-415f-bf79-d1b17d932d6c","user_id":1,"operation":"initial_setup"}
{"@timestamp":"2024-12-21T08:32:49.338-0800","@version":"1","message":"Creating new user","logger_name":"com.example.service.UserService","thread_name":"main","level":"DEBUG","level_value":10000,"environment":"local","sessionId":"b826cec0-f0ab-415f-bf79-d1b17d932d6c","userId":"1","user_id":1,"username":"john_doe2","action":"create_user_attempt"}
{"@timestamp":"2024-12-21T08:32:49.338-0800","@version":"1","message":"Failed to create user - duplicate ID","logger_name":"com.example.service.UserService","thread_name":"main","level":"ERROR","level_value":40000,"environment":"local","sessionId":"b826cec0-f0ab-415f-bf79-d1b17d932d6c","userId":"1"}
{"@timestamp":"2024-12-21T08:32:49.338-0800","@version":"1","message":"Duplicate user creation prevented","logger_name":"com.example.Main","thread_name":"main","level":"INFO","level_value":20000,"environment":"local","sessionId":"b826cec0-f0ab-415f-bf79-d1b17d932d6c","error_type":"duplicate_user","validation":[{"name":"LS_APPEND_OBJECT","fieldName":"error_type"},{"name":"LS_APPEND_OBJECT","fieldName":"attempted_id"},{"name":"LS_APPEND_OBJECT","fieldName":"message"}]}
{"@timestamp":"2024-12-21T08:32:49.372-0800","@version":"1","message":"Fetching user details","logger_name":"com.example.service.UserService","thread_name":"main","level":"DEBUG","level_value":10000,"environment":"local","error_type":"duplicate_user","sessionId":"b826cec0-f0ab-415f-bf79-d1b17d932d6c","userId":"1","action":"get_user","user_id":1,"timestamp":1734798769372}
{"@timestamp":"2024-12-21T08:32:49.372-0800","@version":"1","message":"User retrieved successfully","logger_name":"com.example.service.UserService","thread_name":"main","level":"INFO","level_value":20000,"environment":"local","error_type":"duplicate_user","sessionId":"b826cec0-f0ab-415f-bf79-d1b17d932d6c","userId":"1","status":"success","user":{"id":1,"username":"john_doe","email":"john@example.com"},"id":1}
{"@timestamp":"2024-12-21T08:32:49.374-0800","@version":"1","message":"Retrieved user details","logger_name":"com.example.Main","thread_name":"main","level":"INFO","level_value":20000,"environment":"local","sessionId":"b826cec0-f0ab-415f-bf79-d1b17d932d6c","error_type":"duplicate_user","status":"success","operation":"user_retrieval","user_id":1,"found":true}
{"@timestamp":"2024-12-21T08:32:49.374-0800","@version":"1","message":"Fetching user details","logger_name":"com.example.service.UserService","thread_name":"main","level":"DEBUG","level_value":10000,"environment":"local","error_type":"duplicate_user","sessionId":"b826cec0-f0ab-415f-bf79-d1b17d932d6c","userId":"999","status":"success","action":"get_user","user_id":999,"timestamp":1734798769374}
{"@timestamp":"2024-12-21T08:32:49.374-0800","@version":"1","message":"User not found","logger_name":"com.example.service.UserService","thread_name":"main","level":"WARN","level_value":30000,"environment":"local","error_type":"duplicate_user","sessionId":"b826cec0-f0ab-415f-bf79-d1b17d932d6c","userId":"999","status":"not_found","user_id":999,"action":"get_user","status":"not_found"}
{"@timestamp":"2024-12-21T08:32:49.374-0800","@version":"1","message":"Expected: User not found","logger_name":"com.example.Main","thread_name":"main","level":"INFO","level_value":20000,"environment":"local","sessionId":"b826cec0-f0ab-415f-bf79-d1b17d932d6c","error_type":"duplicate_user","status":"not_found","attempted_id":999,"operation":"user_retrieval","found":false}
{"@timestamp":"2024-12-21T08:32:49.374-0800","@version":"1","message":"Attempting user deletion","logger_name":"com.example.service.UserService","thread_name":"main","level":"DEBUG","level_value":10000,"environment":"local","error_type":"duplicate_user","sessionId":"b826cec0-f0ab-415f-bf79-d1b17d932d6c","userId":"1","status":"not_found","user_id":1,"action":"delete_user_attempt"}
{"@timestamp":"2024-12-21T08:32:49.375-0800","@version":"1","message":"User deleted","logger_name":"com.example.service.UserService","thread_name":"main","level":"INFO","level_value":20000,"environment":"local","error_type":"duplicate_user","sessionId":"b826cec0-f0ab-415f-bf79-d1b17d932d6c","userId":"1","status":"success","user_id":1,"operation_status":"success","timestamp":1734798769375}
{"@timestamp":"2024-12-21T08:32:49.375-0800","@version":"1","message":"Attempting user deletion","logger_name":"com.example.service.UserService","thread_name":"main","level":"DEBUG","level_value":10000,"environment":"local","error_type":"duplicate_user","sessionId":"b826cec0-f0ab-415f-bf79-d1b17d932d6c","userId":"1","status":"success","user_id":1,"action":"delete_user_attempt"}
{"@timestamp":"2024-12-21T08:32:49.375-0800","@version":"1","message":"User deletion failed","logger_name":"com.example.service.UserService","thread_name":"main","level":"WARN","level_value":30000,"reason":"user_not_found","environment":"local","error_type":"duplicate_user","sessionId":"b826cec0-f0ab-415f-bf79-d1b17d932d6c","userId":"1","status":"failed"}
{"@timestamp":"2024-12-21T08:32:49.375-0800","@version":"1","message":"Application shutting down","logger_name":"com.example.Main","thread_name":"main","level":"INFO","level_value":20000,"reason":"user_not_found","environment":"local","sessionId":"b826cec0-f0ab-415f-bf79-d1b17d932d6c","error_type":"duplicate_user","status":"failed"}
